Performing C++ SOURCE FILE Test CMAKE_HAVE_LIBC_PTHREAD failed with the following output:
Change Dir: /home/kostik/AndroidStudioProjects/SoftwareDevelopment2/libs/spdlog/build/x86_64/CMakeFiles/CMakeTmp

Run Build Command(s):/usr/bin/gmake cmTC_e145c/fast && /usr/bin/gmake  -f CMakeFiles/cmTC_e145c.dir/build.make CMakeFiles/cmTC_e145c.dir/build
gmake[1]: вход в каталог «/home/kostik/AndroidStudioProjects/SoftwareDevelopment2/libs/spdlog/build/x86_64/CMakeFiles/CMakeTmp»
Building CXX object CMakeFiles/cmTC_e145c.dir/src.cxx.o
/home/kostik/Android/Sdk/ndk/23.1.7779620/toolchains/llvm/prebuilt/linux-x86_64/bin/clang++ --target=x86_64-none-linux-android21 --gcc-toolchain=/home/kostik/Android/Sdk/ndk/23.1.7779620/toolchains/llvm/prebuilt/linux-x86_64 --sysroot=/home/kostik/Android/Sdk/ndk/23.1.7779620/toolchains/llvm/prebuilt/linux-x86_64/sysroot   -g -DANDROID -fdata-sections -ffunction-sections -funwind-tables -fstack-protector-strong -no-canonical-prefixes -D_FORTIFY_SOURCE=2 -Wformat -Werror=format-security  -DSPDLOG_COMPILED_LIB -DCMAKE_HAVE_LIBC_PTHREAD -fPIE -std=c++11 -o CMakeFiles/cmTC_e145c.dir/src.cxx.o -c /home/kostik/AndroidStudioProjects/SoftwareDevelopment2/libs/spdlog/build/x86_64/CMakeFiles/CMakeTmp/src.cxx
/home/kostik/AndroidStudioProjects/SoftwareDevelopment2/libs/spdlog/build/x86_64/CMakeFiles/CMakeTmp/src.cxx:13:3: error: use of undeclared identifier 'pthread_cancel'
  pthread_cancel(thread);
  ^
1 error generated.
gmake[1]: *** [CMakeFiles/cmTC_e145c.dir/build.make:85: CMakeFiles/cmTC_e145c.dir/src.cxx.o] Ошибка 1
gmake[1]: выход из каталога «/home/kostik/AndroidStudioProjects/SoftwareDevelopment2/libs/spdlog/build/x86_64/CMakeFiles/CMakeTmp»
gmake: *** [Makefile:140: cmTC_e145c/fast] Ошибка 2


Source file was:
#include <pthread.h>

void* test_func(void* data)
{
  return data;
}

int main(void)
{
  pthread_t thread;
  pthread_create(&thread, NULL, test_func, NULL);
  pthread_detach(thread);
  pthread_cancel(thread);
  pthread_join(thread, NULL);
  pthread_atfork(NULL, NULL, NULL);
  pthread_exit(NULL);

  return 0;
}

Determining if the function pthread_create exists in the pthreads failed with the following output:
Change Dir: /home/kostik/AndroidStudioProjects/SoftwareDevelopment2/libs/spdlog/build/x86_64/CMakeFiles/CMakeTmp

Run Build Command(s):/usr/bin/gmake cmTC_8a96a/fast && /usr/bin/gmake  -f CMakeFiles/cmTC_8a96a.dir/build.make CMakeFiles/cmTC_8a96a.dir/build
gmake[1]: вход в каталог «/home/kostik/AndroidStudioProjects/SoftwareDevelopment2/libs/spdlog/build/x86_64/CMakeFiles/CMakeTmp»
Building CXX object CMakeFiles/cmTC_8a96a.dir/CheckFunctionExists.cxx.o
/home/kostik/Android/Sdk/ndk/23.1.7779620/toolchains/llvm/prebuilt/linux-x86_64/bin/clang++ --target=x86_64-none-linux-android21 --gcc-toolchain=/home/kostik/Android/Sdk/ndk/23.1.7779620/toolchains/llvm/prebuilt/linux-x86_64 --sysroot=/home/kostik/Android/Sdk/ndk/23.1.7779620/toolchains/llvm/prebuilt/linux-x86_64/sysroot   -g -DANDROID -fdata-sections -ffunction-sections -funwind-tables -fstack-protector-strong -no-canonical-prefixes -D_FORTIFY_SOURCE=2 -Wformat -Werror=format-security  -DSPDLOG_COMPILED_LIB -DCHECK_FUNCTION_EXISTS=pthread_create -fPIE -std=c++11 -o CMakeFiles/cmTC_8a96a.dir/CheckFunctionExists.cxx.o -c /home/kostik/AndroidStudioProjects/SoftwareDevelopment2/libs/spdlog/build/x86_64/CMakeFiles/CheckLibraryExists/CheckFunctionExists.cxx
Linking CXX executable cmTC_8a96a
/home/kostik/Android/Sdk/cmake/3.18.1/bin/cmake -E cmake_link_script CMakeFiles/cmTC_8a96a.dir/link.txt --verbose=1
/home/kostik/Android/Sdk/ndk/23.1.7779620/toolchains/llvm/prebuilt/linux-x86_64/bin/clang++ --target=x86_64-none-linux-android21 --gcc-toolchain=/home/kostik/Android/Sdk/ndk/23.1.7779620/toolchains/llvm/prebuilt/linux-x86_64 --sysroot=/home/kostik/Android/Sdk/ndk/23.1.7779620/toolchains/llvm/prebuilt/linux-x86_64/sysroot -g -DANDROID -fdata-sections -ffunction-sections -funwind-tables -fstack-protector-strong -no-canonical-prefixes -D_FORTIFY_SOURCE=2 -Wformat -Werror=format-security  -DSPDLOG_COMPILED_LIB -DCHECK_FUNCTION_EXISTS=pthread_create -static-libstdc++ -Wl,--build-id=sha1 -Wl,--no-rosegment -Wl,--fatal-warnings -Wl,--no-undefined -Qunused-arguments -Wl,--gc-sections   CMakeFiles/cmTC_8a96a.dir/CheckFunctionExists.cxx.o -o cmTC_8a96a  -lpthreads -latomic -lm 
ld: error: unable to find library -lpthreads
clang++: error: linker command failed with exit code 1 (use -v to see invocation)
gmake[1]: *** [CMakeFiles/cmTC_8a96a.dir/build.make:106: cmTC_8a96a] Ошибка 1
gmake[1]: выход из каталога «/home/kostik/AndroidStudioProjects/SoftwareDevelopment2/libs/spdlog/build/x86_64/CMakeFiles/CMakeTmp»
gmake: *** [Makefile:140: cmTC_8a96a/fast] Ошибка 2



Determining if the function pthread_create exists in the pthread failed with the following output:
Change Dir: /home/kostik/AndroidStudioProjects/SoftwareDevelopment2/libs/spdlog/build/x86_64/CMakeFiles/CMakeTmp

Run Build Command(s):/usr/bin/gmake cmTC_f84c0/fast && /usr/bin/gmake  -f CMakeFiles/cmTC_f84c0.dir/build.make CMakeFiles/cmTC_f84c0.dir/build
gmake[1]: вход в каталог «/home/kostik/AndroidStudioProjects/SoftwareDevelopment2/libs/spdlog/build/x86_64/CMakeFiles/CMakeTmp»
Building CXX object CMakeFiles/cmTC_f84c0.dir/CheckFunctionExists.cxx.o
/home/kostik/Android/Sdk/ndk/23.1.7779620/toolchains/llvm/prebuilt/linux-x86_64/bin/clang++ --target=x86_64-none-linux-android21 --gcc-toolchain=/home/kostik/Android/Sdk/ndk/23.1.7779620/toolchains/llvm/prebuilt/linux-x86_64 --sysroot=/home/kostik/Android/Sdk/ndk/23.1.7779620/toolchains/llvm/prebuilt/linux-x86_64/sysroot   -g -DANDROID -fdata-sections -ffunction-sections -funwind-tables -fstack-protector-strong -no-canonical-prefixes -D_FORTIFY_SOURCE=2 -Wformat -Werror=format-security  -DSPDLOG_COMPILED_LIB -DCHECK_FUNCTION_EXISTS=pthread_create -fPIE -std=c++11 -o CMakeFiles/cmTC_f84c0.dir/CheckFunctionExists.cxx.o -c /home/kostik/AndroidStudioProjects/SoftwareDevelopment2/libs/spdlog/build/x86_64/CMakeFiles/CheckLibraryExists/CheckFunctionExists.cxx
Linking CXX executable cmTC_f84c0
/home/kostik/Android/Sdk/cmake/3.18.1/bin/cmake -E cmake_link_script CMakeFiles/cmTC_f84c0.dir/link.txt --verbose=1
/home/kostik/Android/Sdk/ndk/23.1.7779620/toolchains/llvm/prebuilt/linux-x86_64/bin/clang++ --target=x86_64-none-linux-android21 --gcc-toolchain=/home/kostik/Android/Sdk/ndk/23.1.7779620/toolchains/llvm/prebuilt/linux-x86_64 --sysroot=/home/kostik/Android/Sdk/ndk/23.1.7779620/toolchains/llvm/prebuilt/linux-x86_64/sysroot -g -DANDROID -fdata-sections -ffunction-sections -funwind-tables -fstack-protector-strong -no-canonical-prefixes -D_FORTIFY_SOURCE=2 -Wformat -Werror=format-security  -DSPDLOG_COMPILED_LIB -DCHECK_FUNCTION_EXISTS=pthread_create -static-libstdc++ -Wl,--build-id=sha1 -Wl,--no-rosegment -Wl,--fatal-warnings -Wl,--no-undefined -Qunused-arguments -Wl,--gc-sections   CMakeFiles/cmTC_f84c0.dir/CheckFunctionExists.cxx.o -o cmTC_f84c0  -lpthread -latomic -lm 
ld: error: unable to find library -lpthread
clang++: error: linker command failed with exit code 1 (use -v to see invocation)
gmake[1]: *** [CMakeFiles/cmTC_f84c0.dir/build.make:106: cmTC_f84c0] Ошибка 1
gmake[1]: выход из каталога «/home/kostik/AndroidStudioProjects/SoftwareDevelopment2/libs/spdlog/build/x86_64/CMakeFiles/CMakeTmp»
gmake: *** [Makefile:140: cmTC_f84c0/fast] Ошибка 2



